生成启动时间为 2017/10/26 19:30:28。
     1>项目“C:\Users\dongdong\Documents\GitHub\MachineLearning\ML_CPP\ML_CPP\ML_CPP.vcxproj”在节点 2 上(build 个目标)。
     1>InitializeBuildStatus:
         正在创建“Debug\ML_CPP.unsuccessfulbuild”，因为已指定“AlwaysCreate”。
       ClCompile:
         D:\Visual Studio\VC\bin\CL.exe /c /ZI /nologo /W3 /WX- /Od /Oy- /D WIN32 /D _DEBUG /D _CONSOLE /D _UNICODE /D UNICODE /Gm /EHsc /RTC1 /MDd /GS /fp:precise /Zc:wchar_t /Zc:forScope /Fo"Debug\\" /Fd"Debug\vc100.pdb" /Gd /TP /analyze- /errorReport:prompt KMeans.cpp
         KMeans.cpp
     1>c:\users\dongdong\documents\github\machinelearning\ml_cpp\ml_cpp\kmeans.cpp(51): warning C4018: “<”: 有符号/无符号不匹配
     1>c:\users\dongdong\documents\github\machinelearning\ml_cpp\ml_cpp\kmeans.cpp(78): warning C4018: “<”: 有符号/无符号不匹配
     1>c:\users\dongdong\documents\github\machinelearning\ml_cpp\ml_cpp\kmeans.cpp(94): warning C4018: “<”: 有符号/无符号不匹配
       ManifestResourceCompile:
         所有输出均为最新。
       Link:
         D:\Visual Studio\VC\bin\link.exe /ERRORREPORT:PROMPT /OUT:"C:\Users\dongdong\Documents\GitHub\MachineLearning\ML_CPP\Debug\ML_CPP.exe" /INCREMENTAL /NOLOGO opencv_imgproc248d.lib opencv_calib3d248d.lib opencv_contrib248d.lib opencv_core248d.lib opencv_features2d248d.lib opencv_flann248d.lib opencv_gpu248d.lib opencv_highgui248d.lib opencv_legacy248d.lib opencv_ml248d.lib opencv_nonfree248d.lib opencv_objdetect248d.lib opencv_ocl248d.lib opencv_photo248d.lib opencv_stitching248d.lib opencv_superres248d.lib opencv_ts248d.lib opencv_video248d.lib opencv_videostab248d.lib opencv_imgproc248.lib opencv_calib3d248.lib opencv_contrib248.lib opencv_core248.lib opencv_features2d248.lib opencv_flann248.lib opencv_gpu248.lib opencv_highgui248.lib opencv_legacy248.lib opencv_ml248.lib opencv_nonfree248.lib opencv_objdetect248.lib opencv_ocl248.lib opencv_photo248.lib opencv_stitching248.lib opencv_superres248.lib opencv_ts248.lib opencv_video248.lib opencv_videostab248.lib kernel32.lib user32.lib gdi32.lib winspool.lib comdlg32.lib advapi32.lib shell32.lib ole32.lib oleaut32.lib uuid.lib odbc32.lib odbccp32.lib /MANIFEST /ManifestFile:"Debug\ML_CPP.exe.intermediate.manifest" /MANIFESTUAC:"level='asInvoker' uiAccess='false'" /DEBUG /PDB:"C:\Users\dongdong\Documents\GitHub\MachineLearning\ML_CPP\Debug\ML_CPP.pdb" /SUBSYSTEM:CONSOLE /TLBID:1 /DYNAMICBASE /NXCOMPAT /IMPLIB:"C:\Users\dongdong\Documents\GitHub\MachineLearning\ML_CPP\Debug\ML_CPP.lib" /MACHINE:X86 Debug\ML_CPP.exe.embed.manifest.res
         Debug\DBSCAN.obj
         Debug\KMeans.obj
         Debug\main.obj
       Manifest:
         C:\Program Files (x86)\Microsoft SDKs\Windows\v7.0A\bin\mt.exe /nologo /verbose /out:"Debug\ML_CPP.exe.embed.manifest" /manifest Debug\ML_CPP.exe.intermediate.manifest
         所有输出均为最新。
       LinkEmbedManifest:
         所有输出均为最新。
         ML_CPP.vcxproj -> C:\Users\dongdong\Documents\GitHub\MachineLearning\ML_CPP\Debug\ML_CPP.exe
       FinalizeBuildStatus:
         正在删除文件“Debug\ML_CPP.unsuccessfulbuild”。
         正在对“Debug\ML_CPP.lastbuildstate”执行 Touch 任务。
     1>已完成生成项目“C:\Users\dongdong\Documents\GitHub\MachineLearning\ML_CPP\ML_CPP\ML_CPP.vcxproj”(build 个目标)的操作。

生成成功。

已用时间 00:00:01.18
